<?xml version="1.0" encoding="UTF-8"?>
<testng-results ignored="0" total="3" passed="3" failed="0" skipped="0">
  <reporter-output>
  </reporter-output>
  <suite started-at="2022-04-11T18:05:18Z" name="Default suite" finished-at="2022-04-11T18:05:24Z" duration-ms="5804">
    <groups>
    </groups>
    <test started-at="2022-04-11T18:05:18Z" name="Default test" finished-at="2022-04-11T18:05:24Z" duration-ms="5804">
      <class name="tests.DynamicJson">
        <test-method signature="addBook(java.lang.String, java.lang.String)[pri:0, instance:tests.DynamicJson@6d026701]" started-at="2022-04-11T18:05:18Z" name="addBook" data-provider="BooksData" finished-at="2022-04-11T18:05:23Z" duration-ms="5248" status="PASS">
          <params>
            <param index="0">
              <value>
                <![CDATA[0001]]>
              </value>
            </param>
            <param index="1">
              <value>
                <![CDATA[A]]>
              </value>
            </param>
          </params>
          <reporter-output>
          </reporter-output>
        </test-method> <!-- addBook -->
        <test-method signature="addBook(java.lang.String, java.lang.String)[pri:0, instance:tests.DynamicJson@6d026701]" started-at="2022-04-11T18:05:23Z" name="addBook" data-provider="BooksData" finished-at="2022-04-11T18:05:23Z" duration-ms="241" status="PASS">
          <params>
            <param index="0">
              <value>
                <![CDATA[0002]]>
              </value>
            </param>
            <param index="1">
              <value>
                <![CDATA[B]]>
              </value>
            </param>
          </params>
          <reporter-output>
          </reporter-output>
        </test-method> <!-- addBook -->
        <test-method signature="addBook(java.lang.String, java.lang.String)[pri:0, instance:tests.DynamicJson@6d026701]" started-at="2022-04-11T18:05:23Z" name="addBook" data-provider="BooksData" finished-at="2022-04-11T18:05:24Z" duration-ms="223" status="PASS">
          <params>
            <param index="0">
              <value>
                <![CDATA[0003]]>
              </value>
            </param>
            <param index="1">
              <value>
                <![CDATA[C]]>
              </value>
            </param>
          </params>
          <reporter-output>
          </reporter-output>
        </test-method> <!-- addBook -->
      </class> <!-- tests.DynamicJson -->
    </test> <!-- Default test -->
  </suite> <!-- Default suite -->
</testng-results>
